Transmeet/app/build/outputs/logs/manifest-merger-release-report.txt
-- Merging decision tree log ---
manifest
ADDED from src\main\AndroidManifest.xml:2:1-42:12
INJECTED from src\main\AndroidManifest.xml:2:1-42:12
INJECTED from src\main\AndroidManifest.xml:2:1-42:12
INJECTED from src\main\AndroidManifest.xml:2:1-42:12
MERGED from [org.jitsi.react:jitsi-meet-sdk:5.1.0] AndroidManifest.xml:2:1-71:12
MERGED from [com.facebook.react:react-native-screens:3.10.1-jitsi-10639879] AndroidManifest.xml:2:1-9:12
MERGED from [com.facebook.react:react-native-giphy:1.7.0-jitsi-10639879] AndroidManifest.xml:2:1-9:12
MERGED from [com.giphy.sdk:ui:2.1.16] AndroidManifest.xml:2:1-24:12
MERGED from [com.google.android.material:material:1.6.1] AndroidManifest.xml:17:1-26:12
MERGED from [androidx.constraintlayout:constraintlayout:2.1.4] AndroidManifest.xml:2:1-11:12
MERGED from [com.facebook.react:react-native-amplitude:2.7.0-jitsi-10639879] AndroidManifest.xml:2:1-9:12
MERGED from [com.facebook.react:react-native-device-info:8.4.8-jitsi-10639879] AndroidManifest.xml:2:1-9:12
MERGED from [com.facebook.react:react-native-google-signin:7.0.4-jitsi-10639879] AndroidManifest.xml:2:1-9:12
MERGED from [com.facebook.react:react-native-async-storage:1.15.14-jitsi-10639879] AndroidManifest.xml:2:1-9:12
MERGED from [com.facebook.react:react-native-background-timer:2.4.1-jitsi-10639879] AndroidManifest.xml:2:1-11:12
MERGED from [com.facebook.react:react-native-calendar-events:2.2.0-jitsi-10639879] AndroidManifest.xml:2:1-12:12
MERGED from [com.facebook.react:react-native-community_clipboard:1.5.1-jitsi-10639879] AndroidManifest.xml:2:1-9:12
MERGED from [com.facebook.react:react-native-community_netinfo:7.1.7-jitsi-10639879] AndroidManifest.xml:2:1-12:12
MERGED from [com.facebook.react:react-native-default-preference:1.4.4-jitsi-10639879] AndroidManifest.xml:2:1-9:12
MERGED from [com.facebook.react:react-native-gesture-handler:2.1.0-jitsi-10639879] AndroidManifest.xml:2:1-9:12
MERGED from [com.facebook.react:react-native-get-random-values:1.7.2-jitsi-10639879] AndroidManifest.xml:2:1-9:12
MERGED from [com.facebook.react:react-native-immersive:2.0.0-jitsi-10639879] AndroidManifest.xml:2:1-9:12
MERGED from [com.facebook.react:react-native-keep-awake:4.0.0-jitsi-10639879] AndroidManifest.xml:2:1-9:12
MERGED from [com.facebook.react:react-native-masked-view_masked-view:0.2.6-jitsi-10639879] AndroidManifest.xml:2:1-9:12
MERGED from [com.facebook.react:react-native-pager-view:5.4.9-jitsi-10639879] AndroidManifest.xml:2:1-9:12
MERGED from [com.facebook.react:react-native-performance:2.1.0-jitsi-10639879] AndroidManifest.xml:2:1-17:12
MERGED from [com.facebook.react:react-native-reanimated:1.13.4-jitsi-10639879] AndroidManifest.xml:2:1-9:12
MERGED from [com.facebook.react:react-native-safe-area-context:3.3.2-jitsi-10639879] AndroidManifest.xml:2:1-9:12
MERGED from [com.facebook.react:react-native-slider:4.1.12-jitsi-10639879] AndroidManifest.xml:2:1-9:12
MERGED from [com.facebook.react:react-native-sound:0.11.1-jitsi-10639879] AndroidManifest.xml:2:1-10:12
MERGED from [com.facebook.react:react-native-splash-screen:3.3.0-jitsi-10639879] AndroidManifest.xml:2:1-9:12
MERGED from [com.facebook.react:react-native-svg:12.1.0-jitsi-10639879] AndroidManifest.xml:2:1-9:12
MERGED from [com.facebook.react:react-native-video:5.2.0-jitsi-10639879] AndroidManifest.xml:2:1-9:12
MERGED from [com.facebook.react:react-native-webrtc:1.100.0-jitsi-10639879] AndroidManifest.xml:2:1-9:12
MERGED from [com.facebook.react:react-native-webview:11.15.1-jitsi-10639879] AndroidManifest.xml:2:1-21:12
MERGED from [com.facebook.react:react-native:0.68.1] AndroidManifest.xml:2:1-11:12
MERGED from [com.github.MatrixFrog:android-scalablevideoview:v1.0.4-jitpack] AndroidManifest.xml:2:1-9:12
MERGED from [com.airbnb.android:lottie:3.1.0] AndroidManifest.xml:2:1-11:12
MERGED from [androidx.appcompat:appcompat:1.4.2] AndroidManifest.xml:17:1-24:12
MERGED from [androidx.cardview:cardview:1.0.0] AndroidManifest.xml:17:1-22:12
MERGED from [com.google.firebase:firebase-firestore:24.1.2] AndroidManifest.xml:2:1-26:12
MERGED from [com.google.firebase:firebase-auth:21.0.5] AndroidManifest.xml:17:1-73:12
MERGED from [androidx.viewpager2:viewpager2:1.0.0] AndroidManifest.xml:17:1-24:12
MERGED from [com.google.firebase:firebase-analytics:21.0.0] AndroidManifest.xml:2:1-9:12
MERGED from [com.google.android.gms:play-services-measurement:21.0.0] AndroidManifest.xml:17:1-46:12
MERGED from [com.google.android.gms:play-services-measurement-api:21.0.0] AndroidManifest.xml:17:1-37:12
MERGED from [com.google.android.gms:play-services-measurement-sdk:21.0.0] AndroidManifest.xml:17:1-25:12
MERGED from [com.google.android.gms:play-services-auth:19.2.0] AndroidManifest.xml:17:1-40:12
MERGED from [com.google.android.gms:play-services-auth-api-phone:17.4.0] AndroidManifest.xml:2:1-7:12
MERGED from [com.google.android.gms:play-services-safetynet:17.0.0] AndroidManifest.xml:17:1-24:12
MERGED from [com.google.firebase:firebase-auth-interop:20.0.0] AndroidManifest.xml:2:1-10:12
MERGED from [com.google.firebase:firebase-appcheck-interop:16.0.0] AndroidManifest.xml:15:1-26:12
MERGED from [com.google.firebase:firebase-installations:17.0.1] AndroidManifest.xml:2:1-24:12
MERGED from [com.google.firebase:firebase-common:20.1.1] AndroidManifest.xml:15:1-40:12
MERGED from [com.google.firebase:firebase-database-collection:18.0.1] AndroidManifest.xml:2:1-9:12
MERGED from [com.google.android.gms:play-services-iid:17.0.0] AndroidManifest.xml:17:1-28:12
MERGED from [com.google.android.gms:play-services-auth-base:17.0.0] AndroidManifest.xml:2:1-7:12
MERGED from [com.google.android.gms:play-services-base:18.0.1] AndroidManifest.xml:16:1-24:12
MERGED from [com.google.firebase:firebase-installations-interop:17.0.1] AndroidManifest.xml:15:1-23:12
MERGED from [com.google.android.gms:play-services-tasks:18.0.1] AndroidManifest.xml:2:1-6:12
MERGED from [com.google.android.gms:play-services-measurement-impl:21.0.0] AndroidManifest.xml:17:1-32:12
MERGED from [com.google.android.gms:play-services-ads-identifier:18.0.0] AndroidManifest.xml:17:1-27:12
MERGED from [com.google.android.gms:play-services-measurement-sdk-api:21.0.0] AndroidManifest.xml:17:1-28:12
MERGED from [com.google.android.gms:play-services-measurement-base:21.0.0] AndroidManifest.xml:2:1-9:12
MERGED from [com.google.android.gms:play-services-stats:17.0.2] AndroidManifest.xml:2:1-9:12
MERGED from [com.google.firebase:firebase-measurement-connector:19.0.0] AndroidManifest.xml:17:1-25:12
MERGED from [com.google.android.gms:play-services-basement:18.0.0] AndroidManifest.xml:16:1-26:12
MERGED from [androidx.fragment:fragment:1.4.1] AndroidManifest.xml:17:1-24:12
MERGED from [androidx.activity:activity:1.2.4] AndroidManifest.xml:17:1-24:12
MERGED from [androidx.appcompat:appcompat-resources:1.4.2] AndroidManifest.xml:17:1-24:12
MERGED from [androidx.emoji2:emoji2-views-helper:1.0.0] AndroidManifest.xml:17:1-24:12
MERGED from [androidx.emoji2:emoji2:1.0.0] AndroidManifest.xml:17:1-37:12
MERGED from [androidx.drawerlayout:drawerlayout:1.1.1] AndroidManifest.xml:17:1-24:12
MERGED from [androidx.coordinatorlayout:coordinatorlayout:1.1.0] AndroidManifest.xml:17:1-24:12
MERGED from [androidx.dynamicanimation:dynamicanimation:1.0.0] AndroidManifest.xml:17:1-22:12
MERGED from [androidx.transition:transition:1.2.0] AndroidManifest.xml:17:1-24:12
MERGED from [androidx.vectordrawable:vectordrawable-animated:1.1.0] AndroidManifest.xml:17:1-24:12
MERGED from [androidx.vectordrawable:vectordrawable:1.1.0] AndroidManifest.xml:17:1-24:12
MERGED from [androidx.browser:browser:1.4.0] AndroidManifest.xml:17:1-24:12
MERGED from [androidx.swiperefreshlayout:swiperefreshlayout:1.1.0] AndroidManifest.xml:17:1-24:12
MERGED from [androidx.viewpager:viewpager:1.0.0] AndroidManifest.xml:17:1-22:12
MERGED from [com.google.android.exoplayer:exoplayer-ui:2.16.0] AndroidManifest.xml:17:1-24:12
MERGED from [androidx.recyclerview:recyclerview:1.2.1] AndroidManifest.xml:17:1-24:12
MERGED from [androidx.customview:customview:1.1.0] AndroidManifest.xml:17:1-24:12
MERGED from [androidx.legacy:legacy-support-core-utils:1.0.0] AndroidManifest.xml:17:1-22:12
MERGED from [androidx.loader:loader:1.0.0] AndroidManifest.xml:17:1-22:12
MERGED from [androidx.autofill:autofill:1.1.0] AndroidManifest.xml:17:1-24:12
MERGED from [androidx.core:core-ktx:1.6.0] AndroidManifest.xml:2:1-9:12
MERGED from [androidx.webkit:webkit:1.4.0] AndroidManifest.xml:17:1-24:12
MERGED from [com.google.android.exoplayer:exoplayer-core:2.16.0] AndroidManifest.xml:17:1-26:12
MERGED from [androidx.media:media:1.4.3] AndroidManifest.xml:17:1-24:12
MERGED from [androidx.core:core:1.7.0] AndroidManifest.xml:17:1-26:12
MERGED from [androidx.cursoradapter:cursoradapter:1.0.0] AndroidManifest.xml:17:1-22:12
MERGED from [androidx.lifecycle:lifecycle-viewmodel-savedstate:2.3.1] AndroidManifest.xml:17:1-24:12
MERGED from [androidx.savedstate:savedstate:1.1.0] AndroidManifest.xml:17:1-24:12
MERGED from [androidx.lifecycle:lifecycle-viewmodel:2.3.1] AndroidManifest.xml:17:1-24:12
MERGED from [androidx.localbroadcastmanager:localbroadcastmanager:1.0.0] AndroidManifest.xml:17:1-22:12
MERGED from [com.google.firebase:firebase-components:17.0.0] AndroidManifest.xml:15:1-23:12
MERGED from [androidx.lifecycle:lifecycle-process:2.4.0] AndroidManifest.xml:17:1-37:12
MERGED from [androidx.startup:startup-runtime:1.1.0] AndroidManifest.xml:17:1-33:12
MERGED from [androidx.versionedparcelable:versionedparcelable:1.1.1] AndroidManifest.xml:17:1-27:12
MERGED from [androidx.tracing:tracing:1.0.0] AndroidManifest.xml:17:1-24:12
MERGED from [androidx.interpolator:interpolator:1.0.0] AndroidManifest.xml:17:1-22:12
MERGED from [androidx.lifecycle:lifecycle-runtime:2.4.0] AndroidManifest.xml:17:1-24:12
MERGED from [androidx.documentfile:documentfile:1.0.0] AndroidManifest.xml:17:1-22:12
MERGED from [androidx.print:print:1.0.0] AndroidManifest.xml:17:1-22:12
MERGED from [androidx.lifecycle:lifecycle-livedata:2.0.0] AndroidManifest.xml:17:1-22:12
MERGED from [androidx.lifecycle:lifecycle-livedata-core:2.3.1] AndroidManifest.xml:17:1-24:12
MERGED from [androidx.arch.core:core-runtime:2.1.0] AndroidManifest.xml:17:1-24:12
MERGED from [androidx.databinding:viewbinding:4.1.1] AndroidManifest.xml:17:1-22:12
MERGED from [com.google.android.exoplayer:exoplayer-datasource:2.16.0] AndroidManifest.xml:17:1-24:12
MERGED from [com.google.android.exoplayer:exoplayer-extractor:2.16.0] AndroidManifest.xml:17:1-24:12
MERGED from [com.google.android.exoplayer:exoplayer-decoder:2.16.0] AndroidManifest.xml:17:1-24:12
MERGED from [com.google.android.exoplayer:exoplayer-database:2.16.0] AndroidManifest.xml:17:1-24:12
MERGED from [com.google.android.exoplayer:exoplayer-common:2.16.0] AndroidManifest.xml:17:1-26:12
MERGED from [androidx.annotation:annotation-experimental:1.1.0] AndroidManifest.xml:17:1-24:12
MERGED from [com.google.firebase:protolite-well-known-types:18.0.0] AndroidManifest.xml:2:1-11:12
MERGED from [io.grpc:grpc-android:1.44.1] AndroidManifest.xml:2:1-11:12
MERGED from [org.webkit:android-jsc:r250230] AndroidManifest.xml:2:1-11:12
MERGED from [com.facebook.fresco:animated-gif:2.5.0] AndroidManifest.xml:2:1-9:12
MERGED from [com.jakewharton.timber:timber:4.7.1] AndroidManifest.xml:2:1-9:12
MERGED from [com.squareup.duktape:duktape-android:1.3.0] AndroidManifest.xml:2:1-14:12
MERGED from [com.facebook.fresco:imagepipeline-okhttp3:2.5.0] AndroidManifest.xml:2:1-9:12
MERGED from [com.facebook.fresco:animated-webp:2.5.0] AndroidManifest.xml:2:1-9:12
MERGED from [com.facebook.fresco:animated-base:2.5.0] AndroidManifest.xml:2:1-9:12
MERGED from [com.facebook.fresco:fresco:2.5.0] AndroidManifest.xml:2:1-9:12
MERGED from [com.facebook.fresco:animated-drawable:2.5.0] AndroidManifest.xml:2:1-9:12
MERGED from [com.facebook.fresco:drawee:2.5.0] AndroidManifest.xml:2:1-9:12
MERGED from [com.facebook.fresco:nativeimagefilters:2.5.0] AndroidManifest.xml:2:1-9:12
MERGED from [com.facebook.fresco:memory-type-native:2.5.0] AndroidManifest.xml:2:1-9:12
MERGED from [com.facebook.fresco:memory-type-java:2.5.0] AndroidManifest.xml:2:1-9:12
MERGED from [com.facebook.fresco:imagepipeline-native:2.5.0] AndroidManifest.xml:2:1-9:12
MERGED from [com.facebook.fresco:memory-type-ashmem:2.5.0] AndroidManifest.xml:2:1-9:12
MERGED from [com.facebook.fresco:imagepipeline:2.5.0] AndroidManifest.xml:2:1-9:12
MERGED from [com.facebook.fresco:nativeimagetranscoder:2.5.0] AndroidManifest.xml:2:1-9:12
MERGED from [com.facebook.fresco:webpsupport:2.5.0] AndroidManifest.xml:2:1-9:12
MERGED from [com.facebook.fresco:imagepipeline-base:2.5.0] AndroidManifest.xml:2:1-9:12
MERGED from [com.facebook.fresco:middleware:2.5.0] AndroidManifest.xml:2:1-9:12
MERGED from [com.facebook.fresco:ui-common:2.5.0] AndroidManifest.xml:2:1-9:12
MERGED from [com.facebook.fresco:soloader:2.5.0] AndroidManifest.xml:2:1-9:12
MERGED from [com.facebook.soloader:soloader:0.10.3] AndroidManifest.xml:2:1-13:12
MERGED from [com.facebook.fresco:fbcore:2.5.0] AndroidManifest.xml:2:1-9:12
MERGED from [com.amplitude:android-sdk:2.34.0] AndroidManifest.xml:2:1-11:12
MERGED from [com.android.installreferrer:installreferrer:1.1.2] AndroidManifest.xml:2:1-13:12
INJECTED from src\main\AndroidManifest.xml:2:1-42:12
INJECTED from src\main\AndroidManifest.xml:2:1-42:12
INJECTED from src\main\AndroidManifest.xml:2:1-42:12
	package
		ADDED from src\main\AndroidManifest.xml:3:5-36
		INJECTED from src\main\AndroidManifest.xml
		INJECTED from src\main\AndroidManifest.xml
	android:versionName
		INJECTED from src\main\AndroidManifest.xml
		ADDED from src\main\AndroidManifest.xml:2:1-42:12
		INJECTED from src\main\AndroidManifest.xml
	android:versionCode
		INJECTED from src\main\AndroidManifest.xml
		ADDED from src\main\AndroidManifest.xml:2:1-42:12
		INJECTED from src\main\AndroidManifest.xml
	xmlns:android
		ADDED from src\main\AndroidManifest.xml:2:11-69
application
ADDED from src\main\AndroidManifest.xml:5:5-40:19
MERGED from [org.jitsi.react:jitsi-meet-sdk:5.1.0] AndroidManifest.xml:31:5-69:19
MERGED from [org.jitsi.react:jitsi-meet-sdk:5.1.0] AndroidManifest.xml:31:5-69:19
MERGED from [com.giphy.sdk:ui:2.1.16] AndroidManifest.xml:12:5-22:19
MERGED from [com.giphy.sdk:ui:2.1.16] AndroidManifest.xml:12:5-22:19
MERGED from [com.google.android.material:material:1.6.1] AndroidManifest.xml:24:5-20
MERGED from [com.google.android.material:material:1.6.1] AndroidManifest.xml:24:5-20
MERGED from [androidx.constraintlayout:constraintlayout:2.1.4] AndroidManifest.xml:9:5-20
MERGED from [androidx.constraintlayout:constraintlayout:2.1.4] AndroidManifest.xml:9:5-20
MERGED from [com.facebook.react:react-native-performance:2.1.0-jitsi-10639879] AndroidManifest.xml:9:5-15:19
MERGED from [com.facebook.react:react-native-performance:2.1.0-jitsi-10639879] AndroidManifest.xml:9:5-15:19
MERGED from [com.facebook.react:react-native-webview:11.15.1-jitsi-10639879] AndroidManifest.xml:9:5-19:19
MERGED from [com.facebook.react:react-native-webview:11.15.1-jitsi-10639879] AndroidManifest.xml:9:5-19:19
MERGED from [com.facebook.react:react-native:0.68.1] AndroidManifest.xml:9:5-20
MERGED from [com.facebook.react:react-native:0.68.1] AndroidManifest.xml:9:5-20
MERGED from [com.airbnb.android:lottie:3.1.0] AndroidManifest.xml:9:5-20
MERGED from [com.airbnb.android:lottie:3.1.0] AndroidManifest.xml:9:5-20
MERGED from [com.google.firebase:firebase-firestore:24.1.2] AndroidManifest.xml:16:5-24:19
MERGED from [com.google.firebase:firebase-firestore:24.1.2] AndroidManifest.xml:16:5-24:19
MERGED from [com.google.firebase:firebase-auth:21.0.5] AndroidManifest.xml:26:5-71:19
MERGED from [com.google.firebase:firebase-auth:21.0.5] AndroidManifest.xml:26:5-71:19
MERGED from [com.google.firebase:firebase-analytics:21.0.0] AndroidManifest.xml:7:5-20
MERGED from [com.google.firebase:firebase-analytics:21.0.0] AndroidManifest.xml:7:5-20
MERGED from [com.google.android.gms:play-services-measurement:21.0.0] AndroidManifest.xml:28:5-44:19
MERGED from [com.google.android.gms:play-services-measurement:21.0.0] AndroidManifest.xml:28:5-44:19
MERGED from [com.google.android.gms:play-services-measurement-api:21.0.0] AndroidManifest.xml:27:5-35:19
MERGED from [com.google.android.gms:play-services-measurement-api:21.0.0] AndroidManifest.xml:27:5-35:19
MERGED from [com.google.android.gms:play-services-measurement-sdk:21.0.0] AndroidManifest.xml:22:5-23:19
MERGED from [com.google.android.gms:play-services-measurement-sdk:21.0.0] AndroidManifest.xml:22:5-23:19
MERGED from [com.google.android.gms:play-services-auth:19.2.0] AndroidManifest.xml:22:5-38:19
MERGED from [com.google.android.gms:play-services-auth:19.2.0] AndroidManifest.xml:22:5-38:19
MERGED from [com.google.android.gms:play-services-safetynet:17.0.0] AndroidManifest.xml:22:5-20
MERGED from [com.google.android.gms:play-services-safetynet:17.0.0] AndroidManifest.xml:22:5-20
MERGED from [com.google.firebase:firebase-auth-interop:20.0.0] AndroidManifest.xml:7:5-8:19
MERGED from [com.google.firebase:firebase-auth-interop:20.0.0] AndroidManifest.xml:7:5-8:19
MERGED from [com.google.firebase:firebase-appcheck-interop:16.0.0] AndroidManifest.xml:24:5-20
MERGED from [com.google.firebase:firebase-appcheck-interop:16.0.0] AndroidManifest.xml:24:5-20
MERGED from [com.google.firebase:firebase-installations:17.0.1] AndroidManifest.xml:14:5-22:19
MERGED from [com.google.firebase:firebase-installations:17.0.1] AndroidManifest.xml:14:5-22:19
MERGED from [com.google.firebase:firebase-common:20.1.1] AndroidManifest.xml:25:5-38:19
MERGED from [com.google.firebase:firebase-common:20.1.1] AndroidManifest.xml:25:5-38:19
MERGED from [com.google.android.gms:play-services-iid:17.0.0] AndroidManifest.xml:26:5-20
MERGED from [com.google.android.gms:play-services-iid:17.0.0] AndroidManifest.xml:26:5-20
MERGED from [com.google.android.gms:play-services-base:18.0.1] AndroidManifest.xml:19:5-23:19
MERGED from [com.google.android.gms:play-services-base:18.0.1] AndroidManifest.xml:19:5-23:19
MERGED from [com.google.android.gms:play-services-tasks:18.0.1] AndroidManifest.xml:5:5-20
MERGED from [com.google.android.gms:play-services-tasks:18.0.1] AndroidManifest.xml:5:5-20
MERGED from [com.google.android.gms:play-services-measurement-impl:21.0.0] AndroidManifest.xml:29:5-30:19
MERGED from [com.google.android.gms:play-services-measurement-impl:21.0.0] AndroidManifest.xml:29:5-30:19
MERGED from [com.google.android.gms:play-services-ads-identifier:18.0.0] AndroidManifest.xml:25:5-20
MERGED from [com.google.android.gms:play-services-ads-identifier:18.0.0] AndroidManifest.xml:25:5-20
MERGED from [com.google.android.gms:play-services-measurement-base:21.0.0] AndroidManifest.xml:7:5-20
MERGED from [com.google.android.gms:play-services-measurement-base:21.0.0] AndroidManifest.xml:7:5-20
MERGED from [com.google.android.gms:play-services-stats:17.0.2] AndroidManifest.xml:7:5-20
MERGED from [com.google.android.gms:play-services-stats:17.0.2] AndroidManifest.xml:7:5-20
MERGED from [com.google.firebase:firebase-measurement-connector:19.0.0] AndroidManifest.xml:22:5-23:19
MERGED from [com.google.firebase:firebase-measurement-connector:19.0.0] AndroidManifest.xml:22:5-23:19
MERGED from [com.google.android.gms:play-services-basement:18.0.0] AndroidManifest.xml:20:5-24:19
MERGED from [com.google.android.gms:play-services-basement:18.0.0] AndroidManifest.xml:20:5-24:19
MERGED from [androidx.emoji2:emoji2:1.0.0] AndroidManifest.xml:25:5-35:19
MERGED from [androidx.emoji2:emoji2:1.0.0] AndroidManifest.xml:25:5-35:19
MERGED from [androidx.core:core:1.7.0] AndroidManifest.xml:24:5-89
MERGED from [androidx.core:core:1.7.0] AndroidManifest.xml:24:5-89
MERGED from [androidx.lifecycle:lifecycle-process:2.4.0] AndroidManifest.xml:25:5-35:19
MERGED from [androidx.lifecycle:lifecycle-process:2.4.0] AndroidManifest.xml:25:5-35:19
MERGED from [androidx.startup:startup-runtime:1.1.0] AndroidManifest.xml:25:5-31:19
MERGED from [androidx.startup:startup-runtime:1.1.0] AndroidManifest.xml:25:5-31:19
MERGED from [androidx.versionedparcelable:versionedparcelable:1.1.1] AndroidManifest.xml:24:5-25:19
MERGED from [androidx.versionedparcelable:versionedparcelable:1.1.1] AndroidManifest.xml:24:5-25:19
MERGED from [com.jakewharton.timber:timber:4.7.1] AndroidManifest.xml:7:5-20
MERGED from [com.jakewharton.timber:timber:4.7.1] AndroidManifest.xml:7:5-20
MERGED from [com.squareup.duktape:duktape-android:1.3.0] AndroidManifest.xml:12:5-20
MERGED from [com.squareup.duktape:duktape-android:1.3.0] AndroidManifest.xml:12:5-20
MERGED from [com.facebook.soloader:soloader:0.10.3] AndroidManifest.xml:11:5-20
MERGED from [com.facebook.soloader:soloader:0.10.3] AndroidManifest.xml:11:5-20
MERGED from [com.android.installreferrer:installreferrer:1.1.2] AndroidManifest.xml:11:5-20
MERGED from [com.android.installreferrer:installreferrer:1.1.2] AndroidManifest.xml:11:5-20
	android:appComponentFactory
		ADDED from [androidx.core:core:1.7.0] AndroidManifest.xml:24:18-86
	android:supportsRtl
		ADDED from src\main\AndroidManifest.xml:10:9-35
	android:label
		ADDED from src\main\AndroidManifest.xml:8:9-41
	android:roundIcon
		ADDED from src\main\AndroidManifest.xml:9:9-54
	android:icon
		ADDED from src\main\AndroidManifest.xml:7:9-43
	android:allowBackup
		ADDED from src\main\AndroidManifest.xml:6:9-35
	android:theme
		ADDED from src\main\AndroidManifest.xml:11:9-47
activity#com.example.transmeet.Dashboard
ADDED from src\main\AndroidManifest.xml:12:9-14:40
	android:exported
		ADDED from src\main\AndroidManifest.xml:14:13-37
	android:name
		ADDED from src\main\AndroidManifest.xml:13:13-38
activity#com.example.transmeet.SignupActivity
ADDED from src\main\AndroidManifest.xml:15:9-18:46
	android:label
		ADDED from src\main\AndroidManifest.xml:18:13-43
	android:exported
		ADDED from src\main\AndroidManifest.xml:17:13-37
	android:name
		ADDED from src\main\AndroidManifest.xml:16:13-43
activity#com.example.transmeet.LoginActivity
ADDED from src\main\AndroidManifest.xml:19:9-22:37
	android:label
		ADDED from src\main\AndroidManifest.xml:22:13-34
	android:exported
		ADDED from src\main\AndroidManifest.xml:21:13-37
	android:name
		ADDED from src\main\AndroidManifest.xml:20:13-42
activity#com.example.transmeet.MainActivity
ADDED from src\main\AndroidManifest.xml:26:9-35:20
	android:exported
		ADDED from src\main\AndroidManifest.xml:28:13-36
	android:theme
		ADDED from src\main\AndroidManifest.xml:29:13-52
	android:name
		ADDED from src\main\AndroidManifest.xml:27:13-41
intent-filter#action:name:android.intent.action.MAIN+category:name:android.intent.category.LAUNCHER
ADDED from src\main\AndroidManifest.xml:30:13-34:29
action#android.intent.action.MAIN
ADDED from src\main\AndroidManifest.xml:31:17-69
	android:name
		ADDED from src\main\AndroidManifest.xml:31:25-66
category#android.intent.category.LAUNCHER
ADDED from src\main\AndroidManifest.xml:33:17-77
	android:name
		ADDED from src\main\AndroidManifest.xml:33:27-74
meta-data#preloaded_fonts
ADDED from src\main\AndroidManifest.xml:37:9-39:57
	android:resource
		ADDED from src\main\AndroidManifest.xml:39:13-54
	android:name
		ADDED from src\main\AndroidManifest.xml:38:13-43
uses-sdk
INJECTED from src\main\AndroidManifest.xml reason: use-sdk injection requested
INJECTED from src\main\AndroidManifest.xml
INJECTED from src\main\AndroidManifest.xml
MERGED from [org.jitsi.react:jitsi-meet-sdk:5.1.0] AndroidManifest.xml:6:5-8:41
MERGED from [org.jitsi.react:jitsi-meet-sdk:5.1.0] AndroidManifest.xml:6:5-8:41
MERGED from [com.facebook.react:react-native-screens:3.10.1-jitsi-10639879] AndroidManifest.xml:5:5-7:41
MERGED from [com.facebook.react:react-native-screens:3.10.1-jitsi-10639879] AndroidManifest.xml:5:5-7:41
MERGED from [com.facebook.react:react-native-giphy:1.7.0-jitsi-10639879] AndroidManifest.xml:5:5-7:41
MERGED from [com.facebook.react:react-native-giphy:1.7.0-jitsi-10639879] AndroidManifest.xml:5:5-7:41
MERGED from [com.giphy.sdk:ui:2.1.16] AndroidManifest.xml:6:5-8:41
MERGED from [com.giphy.sdk:ui:2.1.16] AndroidManifest.xml:6:5-8:41
MERGED from [com.google.android.material:material:1.6.1] AndroidManifest.xml:20:5-22:41
MERGED from [com.google.android.material:material:1.6.1] AndroidManifest.xml:20:5-22:41
MERGED from [androidx.constraintlayout:constraintlayout:2.1.4] AndroidManifest.xml:5:5-7:41
MERGED from [androidx.constraintlayout:constraintlayout:2.1.4] AndroidManifest.xml:5:5-7:41
MERGED from [com.facebook.react:react-native-amplitude:2.7.0-jitsi-10639879] AndroidManifest.xml:5:5-7:41
MERGED from [com.facebook.react:react-native-amplitude:2.7.0-jitsi-10639879] AndroidManifest.xml:5:5-7:41
MERGED from [com.facebook.react:react-native-device-info:8.4.8-jitsi-10639879] AndroidManifest.xml:5:5-7:41
MERGED from [com.facebook.react:react-native-device-info:8.4.8-jitsi-10639879] AndroidManifest.xml:5:5-7:41
MERGED from [com.facebook.react:react-native-google-signin:7.0.4-jitsi-10639879] AndroidManifest.xml:5:5-7:41
MERGED from [com.facebook.react:react-native-google-signin:7.0.4-jitsi-10639879] AndroidManifest.xml:5:5-7:41
MERGED from [com.facebook.react:react-native-async-storage:1.15.14-jitsi-10639879] AndroidManifest.xml:5:5-7:41
MERGED from [com.facebook.react:react-native-async-storage:1.15.14-jitsi-10639879] AndroidManifest.xml:5:5-7:41
MERGED from [com.facebook.react:react-native-background-timer:2.4.1-jitsi-10639879] AndroidManifest.xml:5:5-7:41
MERGED from [com.facebook.react:react-native-background-timer:2.4.1-jitsi-10639879] AndroidManifest.xml:5:5-7:41
MERGED from [com.facebook.react:react-native-calendar-events:2.2.0-jitsi-10639879] AndroidManifest.xml:5:5-7:41
MERGED from [com.facebook.react:react-native-calendar-events:2.2.0-jitsi-10639879] AndroidManifest.xml:5:5-7:41
MERGED from [com.facebook.react:react-native-community_clipboard:1.5.1-jitsi-10639879] AndroidManifest.xml:5:5-7:41
MERGED from [com.facebook.react:react-native-community_clipboard:1.5.1-jitsi-10639879] AndroidManifest.xml:5:5-7:41
MERGED from [com.facebook.react:react-native-community_netinfo:7.1.7-jitsi-10639879] AndroidManifest.xml:5:5-7:41
MERGED from [com.facebook.react:react-native-community_netinfo:7.1.7-jitsi-10639879] AndroidManifest.xml:5:5-7:41
MERGED from [com.facebook.react:react-native-default-preference:1.4.4-jitsi-10639879] AndroidManifest.xml:5:5-7:41
MERGED from [com.facebook.react:react-native-default-preference:1.4.4-jitsi-10639879] AndroidManifest.xml:5:5-7:41
MERGED from [com.facebook.react:react-native-gesture-handler:2.1.0-jitsi-10639879] AndroidManifest.xml:5:5-7:41
MERGED from [com.facebook.react:react-native-gesture-handler:2.1.0-jitsi-10639879] AndroidManifest.xml:5:5-7:41
MERGED from [com.facebook.react:react-native-get-random-values:1.7.2-jitsi-10639879] AndroidManifest.xml:5:5-7:41
MERGED from [com.facebook.react:react-native-get-random-values:1.7.2-jitsi-10639879] AndroidManifest.xml:5:5-7:41
MERGED from [com.facebook.react:react-native-immersive:2.0.0-jitsi-10639879] AndroidManifest.xml:5:5-7:41
MERGED from [com.facebook.react:react-native-immersive:2.0.0-jitsi-10639879] AndroidManifest.xml:5:5-7:41
MERGED from [com.facebook.react:react-native-keep-awake:4.0.0-jitsi-10639879] AndroidManifest.xml:5:5-7:41
MERGED from [com.facebook.react:react-native-keep-awake:4.0.0-jitsi-10639879] AndroidManifest.xml:5:5-7:41
MERGED from [com.facebook.react:react-native-masked-view_masked-view:0.2.6-jitsi-10639879] AndroidManifest.xml:5:5-7:41
MERGED from [com.facebook.react:react-native-masked-view_masked-view:0.2.6-jitsi-10639879] AndroidManifest.xml:5:5-7:41
MERGED from [com.facebook.react:react-native-pager-view:5.4.9-jitsi-10639879] AndroidManifest.xml:5:5-7:41
MERGED from [com.facebook.react:react-native-pager-view:5.4.9-jitsi-10639879] AndroidManifest.xml:5:5-7:41
MERGED from [com.facebook.react:react-native-performance:2.1.0-jitsi-10639879] AndroidManifest.xml:5:5-7:41
MERGED from [com.facebook.react:react-native-performance:2.1.0-jitsi-10639879] AndroidManifest.xml:5:5-7:41
MERGED from [com.facebook.react:react-native-reanimated:1.13.4-jitsi-10639879] AndroidManifest.xml:5:5-7:41
MERGED from [com.facebook.react:react-native-reanimated:1.13.4-jitsi-10639879] AndroidManifest.xml:5:5-7:41
MERGED from [com.facebook.react:react-native-safe-area-context:3.3.2-jitsi-10639879] AndroidManifest.xml:5:5-7:41
MERGED from [com.facebook.react:react-native-safe-area-context:3.3.2-jitsi-10639879] AndroidManifest.xml:5:5-7:41
MERGED from [com.facebook.react:react-native-slider:4.1.12-jitsi-10639879] AndroidManifest.xml:5:5-7:41
MERGED from [com.facebook.react:react-native-slider:4.1.12-jitsi-10639879] AndroidManifest.xml:5:5-7:41
MERGED from [com.facebook.react:react-native-sound:0.11.1-jitsi-10639879] AndroidManifest.xml:6:5-8:41
MERGED from [com.facebook.react:react-native-sound:0.11.1-jitsi-10639879] AndroidManifest.xml:6:5-8:41
MERGED from [com.facebook.react:react-native-splash-screen:3.3.0-jitsi-10639879] AndroidManifest.xml:5:5-7:41
MERGED from [com.facebook.react:react-native-splash-screen:3.3.0-jitsi-10639879] AndroidManifest.xml:5:5-7:41
MERGED from [com.facebook.react:react-native-svg:12.1.0-jitsi-10639879] AndroidManifest.xml:5:5-7:41
MERGED from [com.facebook.react:react-native-svg:12.1.0-jitsi-10639879] AndroidManifest.xml:5:5-7:41
MERGED from [com.facebook.react:react-native-video:5.2.0-jitsi-10639879] AndroidManifest.xml:5:5-7:41
MERGED from [com.facebook.react:react-native-video:5.2.0-jitsi-10639879] AndroidManifest.xml:5:5-7:41
MERGED from [com.facebook.react:react-native-webrtc:1.100.0-jitsi-10639879] AndroidManifest.xml:5:5-7:41
MERGED from [com.facebook.react:react-native-webrtc:1.100.0-jitsi-10639879] AndroidManifest.xml:5:5-7:41
MERGED from [com.facebook.react:react-native-webview:11.15.1-jitsi-10639879] AndroidManifest.xml:5:5-7:41
MERGED from [com.facebook.react:react-native-webview:11.15.1-jitsi-10639879] AndroidManifest.xml:5:5-7:41
MERGED from [com.facebook.react:react-native:0.68.1] AndroidManifest.xml:5:5-7:41